<?xml version="1.0" encoding="UTF-8"?>
<testng-results ignored="0" total="1" passed="1" failed="0" skipped="0">
  <reporter-output>
  </reporter-output>
  <suite started-at="2023-01-04T16:20:51 PST" name="Default suite" finished-at="2023-01-04T16:20:53 PST" duration-ms="1226">
    <groups>
    </groups>
    <test started-at="2023-01-04T16:20:51 PST" name="Default test" finished-at="2023-01-04T16:20:53 PST" duration-ms="1226">
      <class name="UserList_Get_Conetenttypes">
        <test-method signature="getHeaderDeatils()[pri:0, instance:UserList_Get_Conetenttypes@fa49800]" started-at="2023-01-04T16:20:51 PST" name="getHeaderDeatils" finished-at="2023-01-04T16:20:53 PST" duration-ms="1196" status="PASS">
          <reporter-output>
          </reporter-output>
        </test-method> <!-- getHeaderDeatils -->
      </class> <!-- UserList_Get_Conetenttypes -->
    </test> <!-- Default test -->
  </suite> <!-- Default suite -->
</testng-results>
